<?xml version="1.0" encoding="utf-8"?><testsuites><testsuite errors="0" failures="0" hostname="Alexs-MacBook-Pro.local" name="pytest" skipped="0" tests="2" time="3.038" timestamp="2020-08-16T17:52:35.246378"><testcase classname="ephys_anonymizer.tests.test_raw_anonymize" file="ephys_anonymizer/tests/test_raw_anonymize.py" line="30" name="test_raw_anonymize" time="0.873"></testcase><testcase classname="ephys_anonymizer.tests.test_video_anonymize" file="ephys_anonymizer/tests/test_video_anonymize.py" line="26" name="test_video_anonymize" time="0.637"></testcase></testsuite></testsuites>